[bridge] watching /Users/Openclaw/.openclaw/subagents/runs.json
[bridge] posting to http://localhost:3000/api/events
[bridge] state file /Users/Openclaw/.openclaw/workspace/mission-control/data/bridge-state.json
[bridge] posted 52ffb901-3c83-4633-97e9-b6235a0be990 -> QUANT (high): Built expense tracker REST API
[bridge] posted fd81d023-70f7-4ffa-94f6-ad6327cead60 -> BLUEPRINT (high): : ผมขยาย scripts/openclaw-event-bridge.mjs จากเดิมที่พึ่ง label/session แบบจำกัด ไปเป็น inference หลายสัญญาณจาก label prefix, se…
[bridge] watching /Users/Openclaw/.openclaw/subagents/runs.json
[bridge] posting to http://localhost:3000/api/events
[bridge] state file /Users/Openclaw/.openclaw/workspace/mission-control/data/bridge-state.json
[bridge] posted 8d931225-68d2-4d07-8e2f-41d4b6f1713e -> BLUEPRINT (high): Built expense tracker REST API
[bridge] posted 3c77d0ec-5e85-4531-99d2-4ed18d61ee3e -> BLUEPRINT (high): Built expense tracker REST API
[bridge] posted 7ccac819-a801-4278-93ad-8438931f512c -> BLUEPRINT (high): Built expense tracker REST API
[bridge] posted b95cddc7-1e72-4a0b-a91a-84ab3165091a -> BLUEPRINT (high): Built expense tracker REST API
[bridge] posted 5b48be00-443f-451b-abd0-d26376138cfa -> BLUEPRINT (high): Built expense tracker REST API
[bridge] posted 3a42ebb1-b150-4360-9f3b-560f267698e8 -> BLUEPRINT (high): Built expense tracker REST API
[bridge] posted 9eed0331-c56f-41df-9ca9-aa52fa64c4d4 -> BLUEPRINT (high): **YTD Card: Add Monthly Bar Chart** Enhance YTD Total Expense card with monthly breakdown bar chart. **Current State:**…
[bridge] posted e85909c6-765b-4646-8cd0-813dbe7da269 -> BLUEPRINT (high): **Currency Display: THB Primary + USD Secondary** Update all expense displays to show ฿ (THB) as primary with $ (USD) i…
[bridge] posted cf5a8299-6ea6-473e-9f26-a21c2e4aec30 -> BLUEPRINT (high): Built expense tracker REST API
[bridge] posted 7b865132-525e-4642-9f17-ec1fc9e52b88 -> BLUEPRINT (high): **YTD Bar Chart: Add USD to Tooltip** Fix monthly bar chart tooltip to show both THB and USD. **Current Issue:** - YTD…
[bridge] posted e4e75890-43ad-49d2-8c7c-2b2e25bc10fa -> BLUEPRINT (high): **YTD Bar Chart: Add Budget Threshold Line** Add horizontal reference line showing monthly budget (฿1,500). **Current:*…
[bridge] posted 3fa7fad8-db90-418e-bcd0-46abc20e749b -> BLUEPRINT (high): **YTD Bar Chart: Fix Y-Axis Scale to Show Budget Line** Budget threshold line (฿1,500) is outside visible range when da…
[bridge] posted ffed5eaa-5254-468b-8ef2-7542f2388ada -> BLUEPRINT (high): **YTD Threshold: Update Label with Both Currencies** Enhance budget threshold line label to show THB + USD. **Current:*…
[bridge] posted 673bf815-7f6b-498d-a72a-56b710e8283c -> BLUEPRINT (high): **CRITICAL: Fix YTD Double Counting Bug** YTD Total Expense showing ฿953.20 but actual sum is ฿476.60 (2x error). **Cur…
[bridge] posted 0b4b6930-0340-4a93-ad42-5c4878f3a0dd -> BLUEPRINT (high): Built expense tracker REST API
[bridge] posted 2859a957-6035-442c-996c-09b2887e1735 -> BLUEPRINT (high): Built expense tracker REST API
[bridge] posted a6176de0-88d9-43d1-b8f9-7973669cac29 -> BLUEPRINT (high): **CRITICAL: YTD Budget Threshold Line Not Visible** ReferenceLine exists in code but doesn't render on page. **Problem:…
[bridge] posted 6e999a4a-d957-46c8-a61e-108ece9153d4 -> BLUEPRINT (high): **Add Simple Budget Legend Below YTD Chart** Add manual legend indicator below bar chart (simpler than fixing Reference…
[bridge] posted d61e9c2f-c624-4e6b-adfe-b2ddde09a16e -> BLUEPRINT (high): **Reduce Budget Legend Size by Half** Make budget legend (below YTD chart) about 50% smaller. **Current:** Likely text-…
[bridge] posted 3d1e7ba1-25a4-40e2-b45f-914aa10e93a3 -> BLUEPRINT (high): **Make Budget Legend Line Dashed** Change solid yellow line to dashed pattern. **Current:** Solid line (or may not be d…
[bridge] posted 9357d10a-e652-44f2-a770-f54ef05ab8e3 -> BLUEPRINT (high): **YTD Bar Chart: Color Bars by Budget Threshold** Change bar colors based on whether month exceeds budget. **Current:**…
[bridge] posted 74e809d9-62b0-4fd7-a5fe-76bb848cb024 -> BLUEPRINT (high): Built expense tracker REST API
[bridge] posted d2ac039c-dbbc-4fb6-a683-875ae20dbfe1 -> BLUEPRINT (high): **Align Cards + YTD Improvements** Fix card alignment and enhance YTD card with year filter + status. ## Part 1: Graph…
[bridge] posted f15a3d96-5e8a-4ad1-a524-627e478836e8 -> BLUEPRINT (high): **CRITICAL: Fix Card 1 & 2 Alignment + Font Consistency** Cards still misaligned — need exact matching. ## Issues to Fi…
[bridge] posted faf4a30e-ce68-46dc-9284-722e784b3b3d -> BLUEPRINT (high): **Improve YTD & MTD Date Pickers — Calendar Style** Replace input fields with dropdown/calendar-style pickers. ## Curre…
[bridge] posted 09b2d2ba-a1c1-48b4-a518-0d86ae16e939 -> BLUEPRINT (high): **Adjust Card Headers — Title + Status + Filter Layout** Reorganize card headers with new layout. ## Changes Required #…
[bridge] posted a23dcf8a-672c-44fd-80de-756c34cfdbe0 -> BLUEPRINT (high): **Adjust Remaining Text — Font Size + Label Consistency** Make "Remaining" text match legend size and add "(Month)" to…
[bridge] posted 67959218-ab48-477f-8f86-b121c082a79f -> BLUEPRINT (high): Card 3: Progress vs Budget Guardrails **Scope:** 1. สร้าง components/ProgressGuardrailsCard.tsx 2. Projection logic: li…
[bridge] posted f937374b-5639-4212-8ad2-f532999d95d8 -> BLUEPRINT (high): แก้ Card 3: ProgressGuardrailsCard.tsx **Changes:** 1. ตัด 4 กล่องย่อย (Actual MTD / Projected EOM / Budget / Status) อ…
[bridge] posted a0aac5ba-6957-4419-9da7-6755029d396f -> BLUEPRINT (high): เพิ่ม Projected EOM display ใน Card 3: ProgressGuardrailsCard.tsx **Requirement:** แสดง **Projected EOM** เป็นตัวเลขหลั…
[bridge] posted 295ae9a5-9aed-48bc-a02c-320b2e748650 -> BLUEPRINT (high): เพิ่ม Projected EOM display ใน Card 3: ProgressGuardrailsCard.tsx (retry) **Requirement:** แสดง **Projected EOM** เป็นต…
[bridge] posted 09aa949f-eb24-4e7f-8aa1-de3e55affbe9 -> BLUEPRINT (high): Fixed error: getCurrentMonth is not defined ใน ProgressGuardrailsCard.tsx **Error:** **Fix:** เพิ่ม helper function getCu…
